#
# There is insufficient memory for the Java Runtime Environment to continue.
# Native memory allocation (malloc) failed to allocate 1048576 bytes for AllocateHeap
# Possible reasons:
#   The system is out of physical RAM or swap space
#   In 32 bit mode, the process size limit was hit
# Possible solutions:
#   Reduce memory load on the system
#   Increase physical memory or swap space
#   Check if swap backing store is full
#   Use 64 bit Java on a 64 bit OS
#   Decrease Java heap size (-Xmx/-Xms)
#   Decrease number of Java threads
#   Decrease Java thread stack sizes (-Xss)
#   Set larger code cache with -XX:ReservedCodeCacheSize=
# This output file may be truncated or incomplete.
#
#  Out of Memory Error (memory/allocation.inline.hpp:62), pid=8964, tid=28484
#
# JRE version:  (8.0_05-b13) (build )
# Java VM: Java HotSpot(TM) 64-Bit Server VM (25.5-b02 mixed mode windows-amd64 compressed oops)
# Failed to write core dump. Minidumps are not enabled by default on client versions of Windows
#

---------------  T H R E A D  ---------------

Current thread (0x00000000002dd800):  JavaThread "Unknown thread" [_thread_in_vm, id=28484, stack(0x0000000002420000,0x0000000002520000)]

Stack: [0x0000000002420000,0x0000000002520000]
[error occurred during error reporting (printing stack bounds), id 0xc0000005]

Native frames: (J=compiled Java code, j=interpreted, Vv=VM code, C=native code)
V  [jvm.dll+0x308dea]


---------------  P R O C E S S  ---------------

Java Threads: ( => current thread )

Other Threads:

=>0x00000000002dd800 (exited) JavaThread "Unknown thread" [_thread_in_vm, id=28484, stack(0x0000000002420000,0x0000000002520000)]

VM state:not at safepoint (normal execution)

VM Mutex/Monitor currently owned by a thread: None

Heap:
 PSYoungGen      total 1024K, used 20K [0x000000076ae00000, 0x000000076af80000, 0x00000007c0000000)
  eden space 512K, 4% used [0x000000076ae00000,0x000000076ae05288,0x000000076ae80000)
  from space 512K, 0% used [0x000000076af00000,0x000000076af00000,0x000000076af80000)
  to   space 512K, 0% used [0x000000076ae80000,0x000000076ae80000,0x000000076af00000)
 ParOldGen       total 260608K, used 0K [0x00000006c0a00000, 0x00000006d0880000, 0x000000076ae00000)
  object space 260608K, 0% used [0x00000006c0a00000,0x00000006c0a00000,0x00000006d0880000)
 Metaspace       used 658K, capacity 1028K, committed 1152K, reserved 1060864K
  class space    used 66K, capacity 384K, committed 384K, reserved 1048576K

Card table byte_map: [0x0000000011bb0000,0x00000000123b0000] byte_map_base: 0x000000000e5ab000

Marking Bits: (ParMarkBitMap*) 0x00000000707413b0
 Begin Bits: [0x0000000013670000, 0x0000000017648000)
 End Bits:   [0x0000000017648000, 0x000000001b620000)

Polling page: 0x0000000000120000

CodeCache: size=245760Kb used=327Kb max_used=327Kb free=245432Kb
 bounds [0x00000000027f0000, 0x0000000002a60000, 0x00000000117f0000]
 total_blobs=56 nmethods=0 adapters=37
 compilation: enabled

Compilation events (0 events):
No events

GC Heap History (0 events):
No events

Deoptimization events (0 events):
No events

Internal exceptions (0 events):
No events

Events (10 events):
Event: 0.021 loading class java/lang/Short
Event: 0.021 loading class java/lang/Short done
Event: 0.021 loading class java/lang/Integer
Event: 0.021 loading class java/lang/Integer done
Event: 0.021 loading class java/lang/Long
Event: 0.021 loading class java/lang/Long done
Event: 0.021 loading class java/lang/NullPointerException
Event: 0.021 loading class java/lang/NullPointerException done
Event: 0.021 loading class java/lang/ArithmeticException
Event: 0.021 loading class java/lang/ArithmeticException done


Dynamic libraries:
0x000000013f930000 - 0x000000013f964000 	C:\Program Files\Java\jre8\bin\javaw.exe
0x0000000077390000 - 0x0000000077539000 	C:\Windows\SYSTEM32\ntdll.dll
0x0000000077170000 - 0x000000007728f000 	C:\Windows\system32\kernel32.dll
0x000007fefd2f0000 - 0x000007fefd35b000 	C:\Windows\system32\KERNELBASE.dll
0x000007feff540000 - 0x000007feff61b000 	C:\Windows\system32\ADVAPI32.dll
0x000007feff1f0000 - 0x000007feff28f000 	C:\Windows\system32\msvcrt.dll
0x000007fefdec0000 - 0x000007fefdedf000 	C:\Windows\SYSTEM32\sechost.dll
0x000007fefe100000 - 0x000007fefe22d000 	C:\Windows\system32\RPCRT4.dll
0x0000000077290000 - 0x000000007738a000 	C:\Windows\system32\USER32.dll
0x000007fefd740000 - 0x000007fefd7a7000 	C:\Windows\system32\GDI32.dll
0x000007fefd610000 - 0x000007fefd61e000 	C:\Windows\system32\LPK.dll
0x000007fefd620000 - 0x000007fefd6e9000 	C:\Windows\system32\USP10.dll
0x000007fefbbf0000 - 0x000007fefbde4000 	C:\Windows\WinSxS\amd64_microsoft.windows.common-controls_6595b64144ccf1df_6.0.7601.17514_none_fa396087175ac9ac\COMCTL32.dll
0x000007feff620000 - 0x000007feff691000 	C:\Windows\system32\SHLWAPI.dll
0x000007fefd6f0000 - 0x000007fefd71e000 	C:\Windows\system32\IMM32.DLL
0x000007feff0e0000 - 0x000007feff1e9000 	C:\Windows\system32\MSCTF.dll
0x0000000054340000 - 0x0000000054412000 	C:\Program Files\Java\jre8\bin\msvcr100.dll
0x000000006ff90000 - 0x00000000707ba000 	C:\Program Files\Java\jre8\bin\server\jvm.dll
0x000007fef8ea0000 - 0x000007fef8ea9000 	C:\Windows\system32\WSOCK32.dll
0x000007fefdef0000 - 0x000007fefdf3d000 	C:\Windows\system32\WS2_32.dll
0x000007fefdee0000 - 0x000007fefdee8000 	C:\Windows\system32\NSI.dll
0x000007fefaf60000 - 0x000007fefaf9b000 	C:\Windows\system32\WINMM.dll
0x0000000077550000 - 0x0000000077557000 	C:\Windows\system32\PSAPI.DLL
0x00000000745d0000 - 0x00000000745df000 	C:\Program Files\Java\jre8\bin\verify.dll
0x0000000059460000 - 0x0000000059488000 	C:\Program Files\Java\jre8\bin\java.dll
0x00000000594e0000 - 0x00000000594f6000 	C:\Program Files\Java\jre8\bin\zip.dll
0x000007feee320000 - 0x000007feee445000 	C:\Windows\system32\dbghelp.dll

VM Arguments:
jvm_args: -Dfile.encoding=Cp1252 
java_command: Main.Game
java_class_path (initial): C:\Users\Jonathan\workspace4\Kungpow Duck\bin
Launcher Type: SUN_STANDARD

Environment Variables:
PATH=C:\Program Files (x86)\Intel\iCLS Client\;C:\Program Files\Intel\iCLS Client\;C:\Program Files (x86)\NVIDIA Corporation\PhysX\Common;C:\Windows\system32;C:\Windows;C:\Windows\System32\Wbem;C:\Windows\System32\WindowsPowerShell\v1.0\;C:\Program Files\Intel\Intel(R) Management Engine Components\DAL;C:\Program Files\Intel\Intel(R) Management Engine Components\IPT;C:\Program Files (x86)\Intel\Intel(R) Management Engine Components\DAL;C:\Program Files (x86)\Intel\Intel(R) Management Engine Components\IPT;C:\Program Files (x86)\WinMerge;C:\Program Files (x86)\Skype\Phone\;C:\Program Files\MikTex\miktex\bin\x64\
USERNAME=Jonathan
OS=Windows_NT
PROCESSOR_IDENTIFIER=Intel64 Family 6 Model 58 Stepping 9, GenuineIntel



---------------  S Y S T E M  ---------------

OS: Windows 7 , 64 bit Build 7601 Service Pack 1

CPU:total 8 (4 cores per cpu, 2 threads per core) family 6 model 58 stepping 9, cmov, cx8, fxsr, mmx, sse, sse2, sse3, ssse3, sse4.1, sse4.2, popcnt, avx, aes, clmul, erms, ht, tsc, tscinvbit

Memory: 4k page, physical 16731732k(1846360k free), swap 34875112k(5112k free)

vm_info: Java HotSpot(TM) 64-Bit Server VM (25.5-b02) for windows-amd64 JRE (1.8.0_05-b13), built on Mar 18 2014 01:08:39 by "java_re" with MS VC++ 10.0 (VS2010)

time: Wed Apr 22 11:43:31 2015
elapsed time: 0 seconds

